<?xml version="1.0" encoding="UTF-8"?>
<!-- Generated by org.testng.reporters.JUnitReportReporter -->
<testsuite hostname="QT-INHD-LT0805" failures="0" tests="1" name="Demo.Amazon_Create_Account" time="44.003" errors="0" timestamp="2022-11-22T15:17:26 IST" skipped="0">
  <testcase classname="Demo.Amazon_Create_Account" name="Test" time="44.003"/>
  <system-out/>
</testsuite> <!-- Demo.Amazon_Create_Account -->
