<?xml version="1.0" encoding="UTF-8"?>
<!-- Generated by org.testng.reporters.JUnitReportReporter -->
<testsuite hostname="QT-INHD-LT0805" failures="0" tests="3" name="DataProvider.Amazon_Login" time="230.430" errors="0" timestamp="2022-11-28T11:54:31 IST" skipped="0">
  <testcase classname="DataProvider.Amazon_Login" name="Valid" time="84.056"/>
  <system-out/>
  <testcase classname="DataProvider.Amazon_Login" name="Valid" time="70.182"/>
  <system-out/>
  <testcase classname="DataProvider.Amazon_Login" name="Valid" time="76.192"/>
  <system-out/>
</testsuite> <!-- DataProvider.Amazon_Login -->
