<?xml version="1.0" encoding="UTF-8"?>
<!-- Generated by org.testng.reporters.JUnitReportReporter -->
<testsuite hostname="QT-INHD-LT0805" failures="0" tests="1" name="Demo.All_test_Cases" time="5.103" errors="0" timestamp="2022-11-22T15:17:26 IST" skipped="0">
  <testcase classname="Demo.All_test_Cases" name="main" time="5.103"/>
  <system-out/>
</testsuite> <!-- Demo.All_test_Cases -->
