<?xml version="1.0" encoding="UTF-8"?>
<!-- Generated by org.testng.reporters.JUnitReportReporter -->
<testsuite hostname="QT-INHD-LT0805" failures="0" tests="1" name="Demo.Blank_MailId" time="23.924" errors="0" timestamp="2022-11-23T08:48:42 IST" skipped="0">
  <testcase classname="Demo.Blank_MailId" name="blankMail" time="23.924"/>
  <system-out/>
</testsuite> <!-- Demo.Blank_MailId -->
